<?xml version="1.0" encoding="UTF-8"?>
<!-- Generated by org.testng.reporters.JUnitXMLReporter -->
<testsuite ignored="0" hostname="DESKTOP-SIM7OHA" failures="1" tests="1" name="Test" time="170.453" errors="0" timestamp="2022-06-14T15:22:47 IST">
  <testcase classname="practiceTopic.SampleScreenTest" name="screen" time="0.021">
    <failure type="java.lang.AssertionError" message="expected [true] but found [false]">
      <![CDATA[java.lang.AssertionError: expected [true] but found [false]
at practiceTopic.SampleScreenTest.screen(SampleScreenTest.java:17)
at java.base/java.util.ArrayList.forEach(ArrayList.java:1511)
... Removed 33 stack frames]]>
    </failure>
  </testcase> <!-- screen -->
</testsuite> <!-- Test -->
