<?xml version="1.0" encoding="UTF-8"?>
<testng-results ignored="0" total="1" passed="1" failed="0" skipped="0">
  <reporter-output>
    <line>
      <![CDATA[chrome]]>
    </line>
  </reporter-output>
  <suite started-at="2022-06-15T13:04:38 IST" name="Default suite" finished-at="2022-06-15T13:07:48 IST" duration-ms="190599">
    <groups>
      <group name="smokeTest">
        <method signature="CreateCampaignTestng.createCampaign()[pri:0, instance:com.crm.timec.campaignTest.CreateCampaignTestng@3ee37e5a]" name="createCampaign" class="com.crm.timec.campaignTest.CreateCampaignTestng"/>
      </group> <!-- smokeTest -->
    </groups>
    <test started-at="2022-06-15T13:04:38 IST" name="Default test" finished-at="2022-06-15T13:07:48 IST" duration-ms="190599">
      <class name="com.crm.timec.campaignTest.CreateCampaignTestng">
        <test-method is-config="true" signature="beforeSuite()[pri:0, instance:com.crm.timec.campaignTest.CreateCampaignTestng@3ee37e5a]" started-at="2022-06-15T13:04:38 IST" name="beforeSuite" finished-at="2022-06-15T13:04:38 IST" duration-ms="13" status="PASS">
          <reporter-output>
          </reporter-output>
        </test-method> <!-- beforeSuite -->
        <test-method is-config="true" signature="beforeTest()[pri:0, instance:com.crm.timec.campaignTest.CreateCampaignTestng@3ee37e5a]" started-at="2022-06-15T13:04:38 IST" name="beforeTest" finished-at="2022-06-15T13:04:38 IST" duration-ms="1" status="PASS">
          <reporter-output>
          </reporter-output>
        </test-method> <!-- beforeTest -->
        <test-method is-config="true" signature="beforeClass(java.lang.String)[pri:0, instance:com.crm.timec.campaignTest.CreateCampaignTestng@3ee37e5a]" started-at="2022-06-15T13:04:38 IST" name="beforeClass" finished-at="2022-06-15T13:05:58 IST" duration-ms="80287" status="PASS">
          <params>
            <param index="0">
              <value>
                <![CDATA[chrome]]>
              </value>
            </param>
          </params>
          <reporter-output>
            <line>
              <![CDATA[chrome]]>
            </line>
          </reporter-output>
        </test-method> <!-- beforeClass -->
        <test-method is-config="true" signature="beforeMethod()[pri:0, instance:com.crm.timec.campaignTest.CreateCampaignTestng@3ee37e5a]" started-at="2022-06-15T13:05:58 IST" name="beforeMethod" finished-at="2022-06-15T13:06:29 IST" duration-ms="30759" status="PASS">
          <reporter-output>
          </reporter-output>
        </test-method> <!-- beforeMethod -->
        <test-method signature="createCampaign()[pri:0, instance:com.crm.timec.campaignTest.CreateCampaignTestng@3ee37e5a]" started-at="2022-06-15T13:06:29 IST" name="createCampaign" finished-at="2022-06-15T13:07:39 IST" duration-ms="70517" status="PASS">
          <reporter-output>
          </reporter-output>
        </test-method> <!-- createCampaign -->
        <test-method is-config="true" signature="afterMethod()[pri:0, instance:com.crm.timec.campaignTest.CreateCampaignTestng@3ee37e5a]" started-at="2022-06-15T13:07:39 IST" name="afterMethod" finished-at="2022-06-15T13:07:48 IST" duration-ms="8967" status="PASS">
          <reporter-output>
          </reporter-output>
        </test-method> <!-- afterMethod -->
        <test-method is-config="true" signature="AfterClass()[pri:0, instance:com.crm.timec.campaignTest.CreateCampaignTestng@3ee37e5a]" started-at="2022-06-15T13:07:48 IST" name="AfterClass" finished-at="2022-06-15T13:07:48 IST" duration-ms="0" status="PASS">
          <reporter-output>
          </reporter-output>
        </test-method> <!-- AfterClass -->
        <test-method is-config="true" signature="afterTest()[pri:0, instance:com.crm.timec.campaignTest.CreateCampaignTestng@3ee37e5a]" started-at="2022-06-15T13:07:48 IST" name="afterTest" finished-at="2022-06-15T13:07:48 IST" duration-ms="0" status="PASS">
          <reporter-output>
          </reporter-output>
        </test-method> <!-- afterTest -->
        <test-method is-config="true" signature="afterSuite()[pri:0, instance:com.crm.timec.campaignTest.CreateCampaignTestng@3ee37e5a]" started-at="2022-06-15T13:07:48 IST" name="afterSuite" finished-at="2022-06-15T13:07:48 IST" duration-ms="1" status="PASS">
          <reporter-output>
          </reporter-output>
        </test-method> <!-- afterSuite -->
      </class> <!-- com.crm.timec.campaignTest.CreateCampaignTestng -->
    </test> <!-- Default test -->
  </suite> <!-- Default suite -->
</testng-results>
